2023-03-01 14:02:51.111  INFO 23736 --- [restartedMain] c.m.m.m.MscreditappraiserApplication     : Starting MscreditappraiserApplication using Java 11.0.13 on DESKTOP-M6GUH11 with PID 23736 (C:\Users\erika\Downloads\MS-MENSAGERIA\mscreditappraiser\target\classes started by erika in C:\Users\erika\Downloads\MS-MENSAGERIA\mscreditappraiser)
2023-03-01 14:02:51.117  INFO 23736 --- [restartedMain] c.m.m.m.MscreditappraiserApplication     : No active profile set, falling back to 1 default profile: "default"
2023-03-01 14:02:51.356  INFO 23736 --- [restartedMain] .e.DevToolsPropertyDefaultsPostProcessor : Devtools property defaults active! Set 'spring.devtools.add-properties' to 'false' to disable
2023-03-01 14:02:51.358  INFO 23736 --- [restartedMain] .e.DevToolsPropertyDefaultsPostProcessor : For additional web related logging consider setting the 'logging.level.web' property to 'DEBUG'
2023-03-01 14:02:54.925  INFO 23736 --- [restartedMain] o.s.cloud.context.scope.GenericScope     : BeanFactory id=bda186cd-09a1-354b-8e4c-897533094e9f
2023-03-01 14:02:56.535  INFO 23736 --- [restartedMain] o.s.b.w.embedded.tomcat.TomcatWebServer  : Tomcat initialized with port(s): 0 (http)
2023-03-01 14:02:56.554  INFO 23736 --- [restartedMain] o.apache.catalina.core.StandardService   : Starting service [Tomcat]
2023-03-01 14:02:56.555  INFO 23736 --- [restartedMain] org.apache.catalina.core.StandardEngine  : Starting Servlet engine: [Apache Tomcat/9.0.60]
2023-03-01 14:02:56.828  INFO 23736 --- [restartedMain] o.a.c.c.C.[Tomcat].[localhost].[/]       : Initializing Spring embedded WebApplicationContext
2023-03-01 14:02:56.830  INFO 23736 --- [restartedMain] w.s.c.ServletWebServerApplicationContext : Root WebApplicationContext: initialization completed in 5466 ms
2023-03-01 14:02:58.002  INFO 23736 --- [restartedMain] o.s.b.d.a.OptionalLiveReloadServer       : LiveReload server is running on port 35729
2023-03-01 14:02:58.089  INFO 23736 --- [restartedMain] o.s.c.openfeign.FeignClientFactoryBean   : For 'msclient' URL not provided. Will try picking an instance via load-balancing.
2023-03-01 14:02:58.205  INFO 23736 --- [restartedMain] o.s.c.openfeign.FeignClientFactoryBean   : For 'mscard' URL not provided. Will try picking an instance via load-balancing.
2023-03-01 14:02:59.882  INFO 23736 --- [restartedMain] DiscoveryClientOptionalArgsConfiguration : Eureka HTTP Client uses RestTemplate.
2023-03-01 14:03:00.556  WARN 23736 --- [restartedMain] iguration$LoadBalancerCaffeineWarnLogger : Spring Cloud LoadBalancer is currently working with the default cache. While this cache implementation is useful for development and tests, it's recommended to use Caffeine cache in production.You can switch to using Caffeine cache, by adding it and org.springframework.cache.caffeine.CaffeineCacheManager to the classpath.
2023-03-01 14:03:01.021  INFO 23736 --- [restartedMain] o.s.b.w.embedded.tomcat.TomcatWebServer  : Tomcat started on port(s): 62270 (http) with context path ''
2023-03-01 14:03:01.023  INFO 23736 --- [restartedMain] .s.c.n.e.s.EurekaAutoServiceRegistration : Updating port to 62270
2023-03-01 14:03:01.029  INFO 23736 --- [restartedMain] o.s.c.n.eureka.InstanceInfoFactory       : Setting initial instance status as: STARTING
2023-03-01 14:03:01.105  INFO 23736 --- [restartedMain] com.netflix.discovery.DiscoveryClient    : Initializing Eureka in region us-east-1
2023-03-01 14:03:01.123  INFO 23736 --- [restartedMain] c.n.d.s.r.aws.ConfigClusterResolver      : Resolving eureka endpoints via configuration
2023-03-01 14:03:01.191  INFO 23736 --- [restartedMain] com.netflix.discovery.DiscoveryClient    : Disable delta property : false
2023-03-01 14:03:01.191  INFO 23736 --- [restartedMain] com.netflix.discovery.DiscoveryClient    : Single vip registry refresh property : null
2023-03-01 14:03:01.191  INFO 23736 --- [restartedMain] com.netflix.discovery.DiscoveryClient    : Force full registry fetch : false
2023-03-01 14:03:01.191  INFO 23736 --- [restartedMain] com.netflix.discovery.DiscoveryClient    : Application is null : false
2023-03-01 14:03:01.192  INFO 23736 --- [restartedMain] com.netflix.discovery.DiscoveryClient    : Registered Applications size is zero : true
2023-03-01 14:03:01.192  INFO 23736 --- [restartedMain] com.netflix.discovery.DiscoveryClient    : Application version is -1: true
2023-03-01 14:03:01.193  INFO 23736 --- [restartedMain] com.netflix.discovery.DiscoveryClient    : Getting all instance registry info from the eureka server
2023-03-01 14:03:02.808  INFO 23736 --- [restartedMain] com.netflix.discovery.DiscoveryClient    : The response status is 200
2023-03-01 14:03:02.825  INFO 23736 --- [restartedMain] com.netflix.discovery.DiscoveryClient    : Starting heartbeat executor: renew interval is: 30
2023-03-01 14:03:02.829  INFO 23736 --- [restartedMain] c.n.discovery.InstanceInfoReplicator     : InstanceInfoReplicator onDemand update allowed rate per min is 4
2023-03-01 14:03:02.840  INFO 23736 --- [restartedMain] com.netflix.discovery.DiscoveryClient    : Discovery Client initialized at timestamp 1677690182838 with initial instances count: 2
2023-03-01 14:03:02.844  INFO 23736 --- [restartedMain] o.s.c.n.e.s.EurekaServiceRegistry        : Registering application MSCREDITAPPRAISER with eureka with status UP
2023-03-01 14:03:02.845  INFO 23736 --- [restartedMain] com.netflix.discovery.DiscoveryClient    : Saw local status change event StatusChangeEvent [timestamp=1677690182845, current=UP, previous=STARTING]
2023-03-01 14:03:02.850  INFO 23736 --- [DiscoveryClient-InstanceInfoReplicator-0] com.netflix.discovery.DiscoveryClient    : DiscoveryClient_MSCREDITAPPRAISER/mscreditappraiser:6332ca92c91c6f041ecd23437fd390bc: registering service...
2023-03-01 14:03:03.088  INFO 23736 --- [DiscoveryClient-InstanceInfoReplicator-0] com.netflix.discovery.DiscoveryClient    : DiscoveryClient_MSCREDITAPPRAISER/mscreditappraiser:6332ca92c91c6f041ecd23437fd390bc - registration status: 204
2023-03-01 14:03:03.402  INFO 23736 --- [restartedMain] c.m.m.m.MscreditappraiserApplication     : Started MscreditappraiserApplication in 15.426 seconds (JVM running for 21.592)
2023-03-01 14:04:24.771  INFO 23736 --- [http-nio-auto-1-exec-4] o.a.c.c.C.[Tomcat].[localhost].[/]       : Initializing Spring DispatcherServlet 'dispatcherServlet'
2023-03-01 14:04:24.780  INFO 23736 --- [http-nio-auto-1-exec-4] o.s.web.servlet.DispatcherServlet        : Initializing Servlet 'dispatcherServlet'
2023-03-01 14:04:24.841  INFO 23736 --- [http-nio-auto-1-exec-4] o.s.web.servlet.DispatcherServlet        : Completed initialization in 60 ms
2023-03-01 14:04:48.612  INFO 23736 --- [http-nio-auto-1-exec-1] o.springdoc.api.AbstractOpenApiResource  : Init duration for springdoc-openapi is: 374 ms
2023-03-01 14:08:01.268  INFO 23736 --- [AsyncResolver-bootstrap-executor-0] c.n.d.s.r.aws.ConfigClusterResolver      : Resolving eureka endpoints via configuration
2023-03-01 14:13:01.310  INFO 23736 --- [AsyncResolver-bootstrap-executor-0] c.n.d.s.r.aws.ConfigClusterResolver      : Resolving eureka endpoints via configuration
